<?xml version="1.0" encoding="UTF-8"?>
<testsuite xmlns:xsi="http://www.w3.org/2001/XMLSchema-instance" xsi:noNamespaceSchemaLocation="https://maven.apache.org/surefire/maven-surefire-plugin/xsd/surefire-test-report.xsd" name="com.example.setup_junit_eclipse.BankAccountTimeoutTest" time="0.693" tests="1" errors="0" skipped="0" failures="0">
  <properties>
[...]
</properties>
  <testcase name="testDepositTimeoutAnnotation{BankAccount}" classname="com.example.setup_junit_eclipse.BankAccountTimeoutTest" time="0.651"/>
</testsuite>